[2026-05-17 06:15:16] [SUCCESS] get_hostname → data retrieved
[2026-05-17 06:15:52] [SUCCESS] get_hostname → data retrieved
[2026-05-17 06:17:43] [SUCCESS] task7 → config applied
[2026-05-17 06:17:49] [SUCCESS] get_hostname → data retrieved
[2026-05-17 06:20:58] [SUCCESS] task7 → config applied
[2026-05-17 06:21:12] [SUCCESS] get_hostname → data retrieved
[2026-05-17 07:42:50] [SUCCESS] task19 → data retrieved
[2026-05-17 07:43:08] [SUCCESS] task19 → data retrieved
[2026-05-17 08:56:51] [SUCCESS] get_hostname
[2026-05-17 08:57:07] [SUCCESS] get_hostname
[2026-05-17 09:02:01] [SUCCESS] get_hostname
[2026-05-17 09:07:40] [SUCCESS] get_hostname
[2026-05-17 09:09:45] [SUCCESS] get_hostname
[2026-05-17 09:10:35] [SUCCESS] get_hostname
[2026-05-17 09:10:53] [SUCCESS] get_hostname
[2026-05-17 09:11:26] [SUCCESS] get_hostname
[2026-05-17 09:13:52] [SUCCESS] get_hostname
[2026-05-17 09:32:38] [SUCCESS] get_hostname
[2026-05-17 09:36:28] [SUCCESS] get_hostname
[2026-05-17 09:38:14] [SUCCESS] get_hostname
[2026-05-17 10:16:40] [SUCCESS] get_hostname
[2026-05-17 10:23:34] [SUCCESS] get_hostname
[2026-05-17 10:27:25] [SUCCESS] get_hostname
[2026-05-17 11:23:03] [SUCCESS] get_hostname
[2026-05-17 11:23:16] [SUCCESS] get_hostname
[2026-05-17 11:24:14] [SUCCESS] task7
[2026-05-17 11:26:16] [SUCCESS] get_hostname
[2026-05-17 11:41:51] [SUCCESS] get_hostname
[2026-05-17 11:42:11] [SUCCESS] get_hostname
[2026-05-17 11:42:16] [SUCCESS] get_hostname
[2026-05-17 11:44:08] [SUCCESS] get_hostname
[2026-05-17 11:45:35] [SUCCESS] get_hostname
[2026-05-17 11:48:30] [SUCCESS] get_hostname
[2026-05-17 11:55:06] [SUCCESS] get_hostname
[2026-05-17 11:58:41] [SUCCESS] task19
[2026-05-17 11:59:08] [SUCCESS] task19
[2026-05-17 12:01:20] [SUCCESS] task10
[2026-05-17 12:25:20] [SUCCESS] task19
[2026-05-17 13:36:23] [SUCCESS] task30
[2026-05-17 13:44:31] [SUCCESS] task30
[2026-05-17 15:33:05] [SUCCESS] task27
[2026-05-17 15:49:12] [SUCCESS] task34
[2026-05-17 16:57:41] [SUCCESS] task35
[2026-05-17 17:04:40] [SUCCESS] task35
[2026-05-17 17:07:28] [SUCCESS] task36
[2026-05-17 17:32:00] [SUCCESS] task36
[2026-05-17 17:34:10] [SUCCESS] fetch_github
[2026-05-17 18:07:36] [SUCCESS] fetch_github
[2026-05-17 18:19:35] [SUCCESS] task1
[2026-05-17 18:23:41] [SUCCESS] task2
[2026-05-17 18:24:58] [SUCCESS] task3
[2026-05-17 18:25:35] [SUCCESS] task4
[2026-05-17 18:26:38] [SUCCESS] task5
[2026-05-17 18:27:11] [SUCCESS] task6
[2026-05-17 18:27:33] [SUCCESS] task7
[2026-05-17 18:33:11] [SUCCESS] task8
[2026-05-17 18:34:06] [SUCCESS] task9
[2026-05-17 18:49:55] [SUCCESS] task9
[2026-05-17 18:50:43] [SUCCESS] task10
[2026-05-17 18:51:10] [SUCCESS] task11
[2026-05-17 18:51:40] [SUCCESS] task12
[2026-05-17 18:54:24] [SUCCESS] task12
[2026-05-17 18:54:49] [SUCCESS] task13
[2026-05-17 18:55:02] [SUCCESS] task14
[2026-05-17 19:01:18] [SUCCESS] task17
[2026-05-17 19:02:07] [SUCCESS] task19
[2026-05-17 19:03:05] [SUCCESS] task20
[2026-05-17 19:05:01] [SUCCESS] task20
[2026-05-17 19:07:22] [SUCCESS] task21
[2026-05-17 19:07:57] [SUCCESS] task22
[2026-05-17 19:08:40] [SUCCESS] task23
[2026-05-17 19:14:09] [SUCCESS] task23
[2026-05-17 19:17:52] [SUCCESS] task26
[2026-05-17 19:18:50] [SUCCESS] task27
[2026-05-17 19:22:48] [SUCCESS] task28
[2026-05-17 19:24:19] [SUCCESS] task29
[2026-05-17 19:25:22] [SUCCESS] task30
[2026-05-17 19:48:51] [SUCCESS] task34
[2026-05-17 19:49:17] [SUCCESS] task35
[2026-05-17 19:49:43] [SUCCESS] task36
[2026-05-17 19:49:51] [SUCCESS] task35
[2026-05-17 19:51:33] [SUCCESS] fetch_github
[2026-05-17 19:52:42] [SUCCESS] get_hostname
[2026-05-17 21:29:41] [SUCCESS] get_hostname
